<?xml version="1.0" encoding="UTF-8"?>
<testsuites name="jest tests" tests="2" failures="0" errors="0" time="14.304">
  <testsuite name="Sankey Diagram test" errors="0" failures="0" skipped="0" timestamp="2022-01-07T21:22:57" time="13.409" tests="2">
    <testcase classname="Sankey Diagram test should return true" name="Sankey Diagram test should return true" time="0.001">
    </testcase>
    <testcase classname="Sankey Diagram test should render Chart" name="Sankey Diagram test should render Chart" time="0.007">
    </testcase>
  </testsuite>
</testsuites>